<?xml version="1.0" encoding="UTF-8"?>
<testng-results ignored="0" total="6" passed="6" failed="0" skipped="0">
  <reporter-output>
  </reporter-output>
  <suite started-at="2024-09-21T16:25:02 IST" name="Suite" finished-at="2024-09-21T16:25:15 IST" duration-ms="12810">
    <groups>
    </groups>
    <test started-at="2024-09-21T16:25:02 IST" name="Test" finished-at="2024-09-21T16:25:15 IST" duration-ms="12810">
      <class name="api.testcase.TestUserFlowWithDataProviderExcelData">
        <test-method signature="testUserCreation(java.lang.String,java.lang.String,java.lang.String,java.lang.String,java.lang.String,java.lang.String,java.lang.String)[pri:1, instance:api.testcase.TestUserFlowWithDataProviderExcelData@41c2284a]" started-at="2024-09-21T16:25:05 IST" name="testUserCreation" data-provider="Data" finished-at="2024-09-21T16:25:09 IST" duration-ms="4517" status="PASS">
          <params>
            <param index="0">
              <value>
                <![CDATA[1010]]>
              </value>
            </param>
            <param index="1">
              <value>
                <![CDATA[testuser1]]>
              </value>
            </param>
            <param index="2">
              <value>
                <![CDATA[John]]>
              </value>
            </param>
            <param index="3">
              <value>
                <![CDATA[Canedy]]>
              </value>
            </param>
            <param index="4">
              <value>
                <![CDATA[a@gmail.com]]>
              </value>
            </param>
            <param index="5">
              <value>
                <![CDATA[test@1]]>
              </value>
            </param>
            <param index="6">
              <value>
                <![CDATA[1234567897]]>
              </value>
            </param>
          </params>
          <reporter-output>
          </reporter-output>
        </test-method> <!-- testUserCreation -->
        <test-method signature="testUserCreation(java.lang.String,java.lang.String,java.lang.String,java.lang.String,java.lang.String,java.lang.String,java.lang.String)[pri:1, instance:api.testcase.TestUserFlowWithDataProviderExcelData@41c2284a]" started-at="2024-09-21T16:25:09 IST" name="testUserCreation" data-provider="Data" finished-at="2024-09-21T16:25:11 IST" duration-ms="1129" status="PASS">
          <params>
            <param index="0">
              <value>
                <![CDATA[1020]]>
              </value>
            </param>
            <param index="1">
              <value>
                <![CDATA[testuser2]]>
              </value>
            </param>
            <param index="2">
              <value>
                <![CDATA[Kim]]>
              </value>
            </param>
            <param index="3">
              <value>
                <![CDATA[Kom]]>
              </value>
            </param>
            <param index="4">
              <value>
                <![CDATA[b@gmail.com]]>
              </value>
            </param>
            <param index="5">
              <value>
                <![CDATA[test@2]]>
              </value>
            </param>
            <param index="6">
              <value>
                <![CDATA[1234567897]]>
              </value>
            </param>
          </params>
          <reporter-output>
          </reporter-output>
        </test-method> <!-- testUserCreation -->
        <test-method signature="testUserCreation(java.lang.String,java.lang.String,java.lang.String,java.lang.String,java.lang.String,java.lang.String,java.lang.String)[pri:1, instance:api.testcase.TestUserFlowWithDataProviderExcelData@41c2284a]" started-at="2024-09-21T16:25:11 IST" name="testUserCreation" data-provider="Data" finished-at="2024-09-21T16:25:12 IST" duration-ms="1092" status="PASS">
          <params>
            <param index="0">
              <value>
                <![CDATA[1030]]>
              </value>
            </param>
            <param index="1">
              <value>
                <![CDATA[testuser3]]>
              </value>
            </param>
            <param index="2">
              <value>
                <![CDATA[Smith]]>
              </value>
            </param>
            <param index="3">
              <value>
                <![CDATA[Steve]]>
              </value>
            </param>
            <param index="4">
              <value>
                <![CDATA[c@gmail.com]]>
              </value>
            </param>
            <param index="5">
              <value>
                <![CDATA[test@3]]>
              </value>
            </param>
            <param index="6">
              <value>
                <![CDATA[1234567897]]>
              </value>
            </param>
          </params>
          <reporter-output>
          </reporter-output>
        </test-method> <!-- testUserCreation -->
        <test-method signature="testDeleteUser(java.lang.String)[pri:2, instance:api.testcase.TestUserFlowWithDataProviderExcelData@41c2284a]" started-at="2024-09-21T16:25:12 IST" name="testDeleteUser" data-provider="UserNames" finished-at="2024-09-21T16:25:13 IST" duration-ms="1074" status="PASS">
          <params>
            <param index="0">
              <value>
                <![CDATA[testuser1]]>
              </value>
            </param>
          </params>
          <reporter-output>
          </reporter-output>
        </test-method> <!-- testDeleteUser -->
        <test-method signature="testDeleteUser(java.lang.String)[pri:2, instance:api.testcase.TestUserFlowWithDataProviderExcelData@41c2284a]" started-at="2024-09-21T16:25:13 IST" name="testDeleteUser" data-provider="UserNames" finished-at="2024-09-21T16:25:14 IST" duration-ms="1080" status="PASS">
          <params>
            <param index="0">
              <value>
                <![CDATA[testuser2]]>
              </value>
            </param>
          </params>
          <reporter-output>
          </reporter-output>
        </test-method> <!-- testDeleteUser -->
        <test-method signature="testDeleteUser(java.lang.String)[pri:2, instance:api.testcase.TestUserFlowWithDataProviderExcelData@41c2284a]" started-at="2024-09-21T16:25:14 IST" name="testDeleteUser" data-provider="UserNames" finished-at="2024-09-21T16:25:15 IST" duration-ms="1063" status="PASS">
          <params>
            <param index="0">
              <value>
                <![CDATA[testuser3]]>
              </value>
            </param>
          </params>
          <reporter-output>
          </reporter-output>
        </test-method> <!-- testDeleteUser -->
      </class> <!-- api.testcase.TestUserFlowWithDataProviderExcelData -->
    </test> <!-- Test -->
  </suite> <!-- Suite -->
</testng-results>
