<?xml version="1.0" encoding="UTF-8"?>
<testng-results ignored="0" total="1" passed="1" failed="0" skipped="0">
  <reporter-output>
  </reporter-output>
  <suite started-at="2024-09-08T16:30:45 IST" name="Default suite" finished-at="2024-09-08T16:30:45 IST" duration-ms="43">
    <groups>
    </groups>
    <test started-at="2024-09-08T16:30:45 IST" name="Default test" finished-at="2024-09-08T16:30:45 IST" duration-ms="43">
      <class name="apisession.day1.ReadJSONFile">
        <test-method signature="readJSONFile()[pri:0, instance:apisession.day1.ReadJSONFile@6c40365c]" started-at="2024-09-08T16:30:45 IST" name="readJSONFile" finished-at="2024-09-08T16:30:45 IST" duration-ms="12" status="PASS">
          <reporter-output>
          </reporter-output>
        </test-method> <!-- readJSONFile -->
      </class> <!-- apisession.day1.ReadJSONFile -->
    </test> <!-- Default test -->
  </suite> <!-- Default suite -->
</testng-results>
