<?xml version="1.0" encoding="UTF-8"?>
<!-- Generated by org.testng.reporters.JUnitXMLReporter -->
<testsuite ignored="0" hostname="DESKTOP-LLLGMOJ" failures="0" tests="6" name="Default test" time="12.584" errors="0" timestamp="2024-09-21T16:20:41 IST">
  <testcase classname="api.testcase.TestUserFlowWithDataProviderExcelData" name="testUserCreation" time="4.763"/>
  <testcase classname="api.testcase.TestUserFlowWithDataProviderExcelData" name="testUserCreation" time="1.105"/>
  <testcase classname="api.testcase.TestUserFlowWithDataProviderExcelData" name="testUserCreation" time="1.104"/>
  <testcase classname="api.testcase.TestUserFlowWithDataProviderExcelData" name="testDeleteUser" time="1.124"/>
  <testcase classname="api.testcase.TestUserFlowWithDataProviderExcelData" name="testDeleteUser" time="1.09"/>
  <testcase classname="api.testcase.TestUserFlowWithDataProviderExcelData" name="testDeleteUser" time="1.074"/>
</testsuite> <!-- Default test -->
