<?xml version="1.0" encoding="UTF-8"?>
<!-- Generated by org.testng.reporters.JUnitXMLReporter -->
<testsuite ignored="0" hostname="DESKTOP-LLLGMOJ" failures="0" tests="6" name="Test" time="12.81" errors="0" timestamp="2024-09-21T16:25:16 IST">
  <testcase classname="api.testcase.TestUserFlowWithDataProviderExcelData" name="testUserCreation" time="4.517"/>
  <testcase classname="api.testcase.TestUserFlowWithDataProviderExcelData" name="testUserCreation" time="1.129"/>
  <testcase classname="api.testcase.TestUserFlowWithDataProviderExcelData" name="testUserCreation" time="1.092"/>
  <testcase classname="api.testcase.TestUserFlowWithDataProviderExcelData" name="testDeleteUser" time="1.074"/>
  <testcase classname="api.testcase.TestUserFlowWithDataProviderExcelData" name="testDeleteUser" time="1.08"/>
  <testcase classname="api.testcase.TestUserFlowWithDataProviderExcelData" name="testDeleteUser" time="1.063"/>
</testsuite> <!-- Test -->
